<?xml version="1.0" encoding="UTF-8"?>
<!-- Generated by org.testng.reporters.JUnitXMLReporter -->
<testsuite hostname="IGSs-MacBook-Pro.local" name="iOSGCash" tests="2" failures="1" timestamp="17 Sep 2022 08:03:09 GMT" time="1.374" errors="0">
  <testcase name="@BeforeTest init" time="0.0" classname="com.GCash.iOS_GCash_Scripts.IOS_GCash_Test_cases">
    <skipped/>
  </testcase> <!-- @BeforeTest init -->
  <testcase name="VerifyScreen_part8" time="0.392" classname="com.GCash.iOS_GCash_Scripts.IOS_GCash_Test_cases">
    <skipped/>
  </testcase> <!-- VerifyScreen_part8 -->
  <testcase name="VerifyScreen_part8" time="0.395" classname="com.GCash.iOS_GCash_Scripts.IOS_GCash_Test_cases">
    <failure type="java.lang.IllegalArgumentException" message="nodeName cannot be null or empty">
      <![CDATA[java.lang.IllegalArgumentException: nodeName cannot be null or empty
	at com.aventstack.extentreports.ExtentTest.createNode(ExtentTest.java:166)
	at com.aventstack.extentreports.ExtentTest.createNode(ExtentTest.java:274)
	at com.extent.ExtentReporter.HeaderChildNode(ExtentReporter.java:209)
	at com.extent.ExtentReporter.onTestSkipped(ExtentReporter.java:200)
... Removed 21 stack frames]]>
    </failure>
  </testcase> <!-- VerifyScreen_part8 -->
</testsuite> <!-- iOSGCash -->
